{"/home/juliusdgenius/JuliusDgenius/real-time-collab-docu-editor/app.js": {"path":"/home/juliusdgenius/JuliusDgenius/real-time-collab-docu-editor/app.js","statementMap":{"0":{"start":{"line":8,"column":19},"end":{"line":8,"column":28}},"1":{"start":{"line":11,"column":0},"end":{"line":11,"column":62}},"2":{"start":{"line":14,"column":0},"end":{"line":17,"column":5}},"3":{"start":{"line":15,"column":4},"end":{"line":15,"column":54}},"4":{"start":{"line":16,"column":4},"end":{"line":16,"column":20}},"5":{"start":{"line":20,"column":0},"end":{"line":20,"column":16}},"6":{"start":{"line":21,"column":0},"end":{"line":21,"column":24}},"7":{"start":{"line":24,"column":0},"end":{"line":24,"column":29}},"8":{"start":{"line":27,"column":0},"end":{"line":27,"column":38}},"9":{"start":{"line":30,"column":0},"end":{"line":30,"column":30}}},"fnMap":{"0":{"name":"(anonymous_0)","decl":{"start":{"line":14,"column":26},"end":{"line":14,"column":27}},"loc":{"start":{"line":14,"column":40},"end":{"line":17,"column":3}},"line":14}},"branchMap":{},"s":{"0":4,"1":4,"2":4,"3":0,"4":0,"5":4,"6":4,"7":4,"8":4,"9":4},"f":{"0":0},"b":{},"inputSourceMap":null,"_coverageSchema":"1a1c01bbd47fc00a2c39e90264f33305004495a9","hash":"8c24e8ecc4334c774112e13264707fa94b5b7134"}
,"/home/juliusdgenius/JuliusDgenius/real-time-collab-docu-editor/prismaClient.js": {"path":"/home/juliusdgenius/JuliusDgenius/real-time-collab-docu-editor/prismaClient.js","statementMap":{"0":{"start":{"line":3,"column":15},"end":{"line":3,"column":33}}},"fnMap":{},"branchMap":{},"s":{"0":4},"f":{},"b":{},"inputSourceMap":null,"_coverageSchema":"1a1c01bbd47fc00a2c39e90264f33305004495a9","hash":"6fc219d49eba9f65220f5b7e50e383942fed6798"}
,"/home/juliusdgenius/JuliusDgenius/real-time-collab-docu-editor/server.js": {"path":"/home/juliusdgenius/JuliusDgenius/real-time-collab-docu-editor/server.js","statementMap":{"0":{"start":{"line":5,"column":19},"end":{"line":5,"column":36}},"1":{"start":{"line":6,"column":18},"end":{"line":6,"column":46}},"2":{"start":{"line":9,"column":13},"end":{"line":9,"column":37}},"3":{"start":{"line":10,"column":13},"end":{"line":10,"column":51}},"4":{"start":{"line":11,"column":0},"end":{"line":14,"column":3}},"5":{"start":{"line":12,"column":4},"end":{"line":12,"column":53}},"6":{"start":{"line":13,"column":4},"end":{"line":13,"column":70}},"7":{"start":{"line":17,"column":0},"end":{"line":21,"column":3}},"8":{"start":{"line":18,"column":4},"end":{"line":20,"column":7}},"9":{"start":{"line":19,"column":8},"end":{"line":19,"column":37}}},"fnMap":{"0":{"name":"(anonymous_0)","decl":{"start":{"line":11,"column":24},"end":{"line":11,"column":25}},"loc":{"start":{"line":11,"column":30},"end":{"line":14,"column":1}},"line":11},"1":{"name":"(anonymous_1)","decl":{"start":{"line":17,"column":22},"end":{"line":17,"column":23}},"loc":{"start":{"line":17,"column":28},"end":{"line":21,"column":1}},"line":17},"2":{"name":"(anonymous_2)","decl":{"start":{"line":18,"column":21},"end":{"line":18,"column":22}},"loc":{"start":{"line":18,"column":27},"end":{"line":20,"column":5}},"line":18}},"branchMap":{"0":{"loc":{"start":{"line":9,"column":13},"end":{"line":9,"column":37}},"type":"binary-expr","locations":[{"start":{"line":9,"column":13},"end":{"line":9,"column":29}},{"start":{"line":9,"column":33},"end":{"line":9,"column":37}}],"line":9},"1":{"loc":{"start":{"line":10,"column":13},"end":{"line":10,"column":51}},"type":"binary-expr","locations":[{"start":{"line":10,"column":13},"end":{"line":10,"column":29}},{"start":{"line":10,"column":33},"end":{"line":10,"column":51}}],"line":10}},"s":{"0":0,"1":0,"2":0,"3":0,"4":0,"5":0,"6":0,"7":0,"8":0,"9":0},"f":{"0":0,"1":0,"2":0},"b":{"0":[0,0],"1":[0,0]},"inputSourceMap":null}
,"/home/juliusdgenius/JuliusDgenius/real-time-collab-docu-editor/socket.js": {"path":"/home/juliusdgenius/JuliusDgenius/real-time-collab-docu-editor/socket.js","statementMap":{"0":{"start":{"line":7,"column":32},"end":{"line":89,"column":1}},"1":{"start":{"line":8,"column":2},"end":{"line":10,"column":5}},"2":{"start":{"line":13,"column":2},"end":{"line":33,"column":5}},"3":{"start":{"line":15,"column":18},"end":{"line":15,"column":46}},"4":{"start":{"line":17,"column":4},"end":{"line":20,"column":5}},"5":{"start":{"line":18,"column":6},"end":{"line":18,"column":53}},"6":{"start":{"line":19,"column":6},"end":{"line":19,"column":72}},"7":{"start":{"line":23,"column":4},"end":{"line":32,"column":7}},"8":{"start":{"line":24,"column":6},"end":{"line":27,"column":7}},"9":{"start":{"line":25,"column":8},"end":{"line":25,"column":50}},"10":{"start":{"line":26,"column":8},"end":{"line":26,"column":70}},"11":{"start":{"line":30,"column":6},"end":{"line":30,"column":28}},"12":{"start":{"line":31,"column":6},"end":{"line":31,"column":12}},"13":{"start":{"line":35,"column":2},"end":{"line":86,"column":5}},"14":{"start":{"line":36,"column":4},"end":{"line":36,"column":48}},"15":{"start":{"line":40,"column":4},"end":{"line":40,"column":42}},"16":{"start":{"line":42,"column":4},"end":{"line":44,"column":7}},"17":{"start":{"line":43,"column":6},"end":{"line":43,"column":71}},"18":{"start":{"line":46,"column":4},"end":{"line":48,"column":7}},"19":{"start":{"line":47,"column":6},"end":{"line":47,"column":42}},"20":{"start":{"line":51,"column":4},"end":{"line":54,"column":7}},"21":{"start":{"line":52,"column":6},"end":{"line":52,"column":30}},"22":{"start":{"line":53,"column":6},"end":{"line":53,"column":71}},"23":{"start":{"line":57,"column":4},"end":{"line":85,"column":7}},"24":{"start":{"line":58,"column":6},"end":{"line":84,"column":7}},"25":{"start":{"line":60,"column":25},"end":{"line":62,"column":10}},"26":{"start":{"line":65,"column":8},"end":{"line":68,"column":9}},"27":{"start":{"line":66,"column":12},"end":{"line":66,"column":81}},"28":{"start":{"line":67,"column":12},"end":{"line":67,"column":19}},"29":{"start":{"line":71,"column":27},"end":{"line":74,"column":10}},"30":{"start":{"line":77,"column":8},"end":{"line":81,"column":11}},"31":{"start":{"line":83,"column":8},"end":{"line":83,"column":70}},"32":{"start":{"line":88,"column":2},"end":{"line":88,"column":12}},"33":{"start":{"line":91,"column":21},"end":{"line":96,"column":1}},"34":{"start":{"line":92,"column":2},"end":{"line":94,"column":3}},"35":{"start":{"line":93,"column":4},"end":{"line":93,"column":58}},"36":{"start":{"line":95,"column":2},"end":{"line":95,"column":12}}},"fnMap":{"0":{"name":"(anonymous_0)","decl":{"start":{"line":7,"column":32},"end":{"line":7,"column":33}},"loc":{"start":{"line":7,"column":48},"end":{"line":89,"column":1}},"line":7},"1":{"name":"(anonymous_1)","decl":{"start":{"line":13,"column":9},"end":{"line":13,"column":10}},"loc":{"start":{"line":13,"column":27},"end":{"line":33,"column":3}},"line":13},"2":{"name":"(anonymous_2)","decl":{"start":{"line":23,"column":46},"end":{"line":23,"column":47}},"loc":{"start":{"line":23,"column":64},"end":{"line":32,"column":5}},"line":23},"3":{"name":"(anonymous_3)","decl":{"start":{"line":35,"column":22},"end":{"line":35,"column":23}},"loc":{"start":{"line":35,"column":34},"end":{"line":86,"column":3}},"line":35},"4":{"name":"(anonymous_4)","decl":{"start":{"line":42,"column":28},"end":{"line":42,"column":29}},"loc":{"start":{"line":42,"column":40},"end":{"line":44,"column":5}},"line":42},"5":{"name":"(anonymous_5)","decl":{"start":{"line":46,"column":23},"end":{"line":46,"column":24}},"loc":{"start":{"line":46,"column":34},"end":{"line":48,"column":5}},"line":46},"6":{"name":"(anonymous_6)","decl":{"start":{"line":51,"column":31},"end":{"line":51,"column":32}},"loc":{"start":{"line":51,"column":47},"end":{"line":54,"column":5}},"line":51},"7":{"name":"(anonymous_7)","decl":{"start":{"line":57,"column":31},"end":{"line":57,"column":32}},"loc":{"start":{"line":57,"column":82},"end":{"line":85,"column":5}},"line":57},"8":{"name":"(anonymous_8)","decl":{"start":{"line":91,"column":21},"end":{"line":91,"column":22}},"loc":{"start":{"line":91,"column":27},"end":{"line":96,"column":1}},"line":91}},"branchMap":{"0":{"loc":{"start":{"line":17,"column":4},"end":{"line":20,"column":5}},"type":"if","locations":[{"start":{"line":17,"column":4},"end":{"line":20,"column":5}},{"start":{},"end":{}}],"line":17},"1":{"loc":{"start":{"line":24,"column":6},"end":{"line":27,"column":7}},"type":"if","locations":[{"start":{"line":24,"column":6},"end":{"line":27,"column":7}},{"start":{},"end":{}}],"line":24},"2":{"loc":{"start":{"line":65,"column":8},"end":{"line":68,"column":9}},"type":"if","locations":[{"start":{"line":65,"column":8},"end":{"line":68,"column":9}},{"start":{},"end":{}}],"line":65},"3":{"loc":{"start":{"line":92,"column":2},"end":{"line":94,"column":3}},"type":"if","locations":[{"start":{"line":92,"column":2},"end":{"line":94,"column":3}},{"start":{},"end":{}}],"line":92}},"s":{"0":4,"1":0,"2":0,"3":0,"4":0,"5":0,"6":0,"7":0,"8":0,"9":0,"10":0,"11":0,"12":0,"13":0,"14":0,"15":0,"16":0,"17":0,"18":0,"19":0,"20":0,"21":0,"22":0,"23":0,"24":0,"25":0,"26":0,"27":0,"28":0,"29":0,"30":0,"31":0,"32":0,"33":4,"34":0,"35":0,"36":0},"f":{"0":0,"1":0,"2":0,"3":0,"4":0,"5":0,"6":0,"7":0,"8":0},"b":{"0":[0,0],"1":[0,0],"2":[0,0],"3":[0,0]},"inputSourceMap":null,"_coverageSchema":"1a1c01bbd47fc00a2c39e90264f33305004495a9","hash":"acf3bfe54396fdbf28a412e90b4463e58020615b"}
,"/home/juliusdgenius/JuliusDgenius/real-time-collab-docu-editor/swagger.js": {"path":"/home/juliusdgenius/JuliusDgenius/real-time-collab-docu-editor/swagger.js","statementMap":{"0":{"start":{"line":4,"column":16},"end":{"line":96,"column":1}},"1":{"start":{"line":98,"column":14},"end":{"line":98,"column":35}}},"fnMap":{},"branchMap":{},"s":{"0":4,"1":4},"f":{},"b":{},"inputSourceMap":null,"_coverageSchema":"1a1c01bbd47fc00a2c39e90264f33305004495a9","hash":"7a1fae4844aea98de948d333de8c3160037b3cc6"}
,"/home/juliusdgenius/JuliusDgenius/real-time-collab-docu-editor/test-client.js": {"path":"/home/juliusdgenius/JuliusDgenius/real-time-collab-docu-editor/test-client.js","statementMap":{"0":{"start":{"line":6,"column":17},"end":{"line":6,"column":40}},"1":{"start":{"line":7,"column":20},"end":{"line":11,"column":1}},"2":{"start":{"line":14,"column":21},"end":{"line":31,"column":1}},"3":{"start":{"line":15,"column":19},"end":{"line":18,"column":6}},"4":{"start":{"line":21,"column":4},"end":{"line":23,"column":7}},"5":{"start":{"line":22,"column":8},"end":{"line":22,"column":55}},"6":{"start":{"line":25,"column":4},"end":{"line":28,"column":7}},"7":{"start":{"line":26,"column":8},"end":{"line":26,"column":54}},"8":{"start":{"line":30,"column":4},"end":{"line":30,"column":18}},"9":{"start":{"line":34,"column":21},"end":{"line":133,"column":1}},"10":{"start":{"line":35,"column":4},"end":{"line":132,"column":5}},"11":{"start":{"line":37,"column":26},"end":{"line":44,"column":6}},"12":{"start":{"line":42,"column":8},"end":{"line":42,"column":60}},"13":{"start":{"line":43,"column":8},"end":{"line":43,"column":18}},"14":{"start":{"line":45,"column":21},"end":{"line":45,"column":40}},"15":{"start":{"line":46,"column":4},"end":{"line":46,"column":55}},"16":{"start":{"line":49,"column":20},"end":{"line":49,"column":51}},"17":{"start":{"line":50,"column":20},"end":{"line":50,"column":51}},"18":{"start":{"line":54,"column":4},"end":{"line":54,"column":46}},"19":{"start":{"line":55,"column":4},"end":{"line":55,"column":46}},"20":{"start":{"line":58,"column":4},"end":{"line":60,"column":7}},"21":{"start":{"line":59,"column":8},"end":{"line":59,"column":54}},"22":{"start":{"line":61,"column":4},"end":{"line":63,"column":7}},"23":{"start":{"line":62,"column":8},"end":{"line":62,"column":54}},"24":{"start":{"line":66,"column":4},"end":{"line":69,"column":7}},"25":{"start":{"line":67,"column":8},"end":{"line":68,"column":11}},"26":{"start":{"line":70,"column":4},"end":{"line":74,"column":7}},"27":{"start":{"line":71,"column":8},"end":{"line":73,"column":11}},"28":{"start":{"line":77,"column":4},"end":{"line":77,"column":48}},"29":{"start":{"line":78,"column":4},"end":{"line":82,"column":7}},"30":{"start":{"line":85,"column":4},"end":{"line":85,"column":78}},"31":{"start":{"line":86,"column":22},"end":{"line":94,"column":6}},"32":{"start":{"line":92,"column":8},"end":{"line":92,"column":60}},"33":{"start":{"line":93,"column":8},"end":{"line":93,"column":18}},"34":{"start":{"line":96,"column":4},"end":{"line":100,"column":5}},"35":{"start":{"line":97,"column":8},"end":{"line":97,"column":55}},"36":{"start":{"line":99,"column":8},"end":{"line":99,"column":70}},"37":{"start":{"line":103,"column":4},"end":{"line":125,"column":13}},"38":{"start":{"line":104,"column":8},"end":{"line":124,"column":9}},"39":{"start":{"line":106,"column":20},"end":{"line":111,"column":10}},"40":{"start":{"line":109,"column":12},"end":{"line":109,"column":64}},"41":{"start":{"line":110,"column":12},"end":{"line":110,"column":22}},"42":{"start":{"line":113,"column":8},"end":{"line":113,"column":51}},"43":{"start":{"line":115,"column":8},"end":{"line":115,"column":75}},"44":{"start":{"line":116,"column":8},"end":{"line":120,"column":11}},"45":{"start":{"line":123,"column":10},"end":{"line":123,"column":73}},"46":{"start":{"line":128,"column":6},"end":{"line":131,"column":7}},"47":{"start":{"line":135,"column":0},"end":{"line":135,"column":15}}},"fnMap":{"0":{"name":"(anonymous_0)","decl":{"start":{"line":14,"column":21},"end":{"line":14,"column":22}},"loc":{"start":{"line":14,"column":32},"end":{"line":31,"column":1}},"line":14},"1":{"name":"(anonymous_1)","decl":{"start":{"line":21,"column":27},"end":{"line":21,"column":28}},"loc":{"start":{"line":21,"column":40},"end":{"line":23,"column":5}},"line":21},"2":{"name":"(anonymous_2)","decl":{"start":{"line":25,"column":31},"end":{"line":25,"column":32}},"loc":{"start":{"line":25,"column":40},"end":{"line":28,"column":5}},"line":25},"3":{"name":"(anonymous_3)","decl":{"start":{"line":34,"column":21},"end":{"line":34,"column":22}},"loc":{"start":{"line":34,"column":33},"end":{"line":133,"column":1}},"line":34},"4":{"name":"(anonymous_4)","decl":{"start":{"line":41,"column":12},"end":{"line":41,"column":13}},"loc":{"start":{"line":41,"column":21},"end":{"line":44,"column":5}},"line":41},"5":{"name":"(anonymous_5)","decl":{"start":{"line":58,"column":34},"end":{"line":58,"column":35}},"loc":{"start":{"line":58,"column":44},"end":{"line":60,"column":5}},"line":58},"6":{"name":"(anonymous_6)","decl":{"start":{"line":61,"column":34},"end":{"line":61,"column":35}},"loc":{"start":{"line":61,"column":44},"end":{"line":63,"column":5}},"line":61},"7":{"name":"(anonymous_7)","decl":{"start":{"line":66,"column":33},"end":{"line":66,"column":34}},"loc":{"start":{"line":66,"column":46},"end":{"line":69,"column":5}},"line":66},"8":{"name":"(anonymous_8)","decl":{"start":{"line":70,"column":33},"end":{"line":70,"column":34}},"loc":{"start":{"line":70,"column":46},"end":{"line":74,"column":5}},"line":70},"9":{"name":"(anonymous_9)","decl":{"start":{"line":91,"column":13},"end":{"line":91,"column":14}},"loc":{"start":{"line":91,"column":22},"end":{"line":94,"column":5}},"line":91},"10":{"name":"(anonymous_10)","decl":{"start":{"line":103,"column":15},"end":{"line":103,"column":16}},"loc":{"start":{"line":103,"column":27},"end":{"line":125,"column":5}},"line":103},"11":{"name":"(anonymous_11)","decl":{"start":{"line":108,"column":17},"end":{"line":108,"column":18}},"loc":{"start":{"line":108,"column":26},"end":{"line":111,"column":9}},"line":108}},"branchMap":{"0":{"loc":{"start":{"line":96,"column":4},"end":{"line":100,"column":5}},"type":"if","locations":[{"start":{"line":96,"column":4},"end":{"line":100,"column":5}},{"start":{"line":98,"column":11},"end":{"line":100,"column":5}}],"line":96}},"s":{"0":0,"1":0,"2":0,"3":0,"4":0,"5":0,"6":0,"7":0,"8":0,"9":0,"10":0,"11":0,"12":0,"13":0,"14":0,"15":0,"16":0,"17":0,"18":0,"19":0,"20":0,"21":0,"22":0,"23":0,"24":0,"25":0,"26":0,"27":0,"28":0,"29":0,"30":0,"31":0,"32":0,"33":0,"34":0,"35":0,"36":0,"37":0,"38":0,"39":0,"40":0,"41":0,"42":0,"43":0,"44":0,"45":0,"46":0,"47":0},"f":{"0":0,"1":0,"2":0,"3":0,"4":0,"5":0,"6":0,"7":0,"8":0,"9":0,"10":0,"11":0},"b":{"0":[0,0]},"inputSourceMap":null}
,"/home/juliusdgenius/JuliusDgenius/real-time-collab-docu-editor/__tests__/testUtils.js": {"path":"/home/juliusdgenius/JuliusDgenius/real-time-collab-docu-editor/__tests__/testUtils.js","statementMap":{"0":{"start":{"line":4,"column":30},"end":{"line":12,"column":1}},"1":{"start":{"line":5,"column":2},"end":{"line":11,"column":5}},"2":{"start":{"line":14,"column":33},"end":{"line":20,"column":1}},"3":{"start":{"line":15,"column":2},"end":{"line":19,"column":4}},"4":{"start":{"line":22,"column":33},"end":{"line":28,"column":1}},"5":{"start":{"line":24,"column":2},"end":{"line":24,"column":39}},"6":{"start":{"line":25,"column":2},"end":{"line":25,"column":35}}},"fnMap":{"0":{"name":"(anonymous_0)","decl":{"start":{"line":4,"column":30},"end":{"line":4,"column":31}},"loc":{"start":{"line":4,"column":75},"end":{"line":12,"column":1}},"line":4},"1":{"name":"(anonymous_1)","decl":{"start":{"line":14,"column":33},"end":{"line":14,"column":34}},"loc":{"start":{"line":14,"column":60},"end":{"line":20,"column":1}},"line":14},"2":{"name":"(anonymous_2)","decl":{"start":{"line":22,"column":33},"end":{"line":22,"column":34}},"loc":{"start":{"line":22,"column":51},"end":{"line":28,"column":1}},"line":22}},"branchMap":{"0":{"loc":{"start":{"line":14,"column":42},"end":{"line":14,"column":55}},"type":"default-arg","locations":[{"start":{"line":14,"column":49},"end":{"line":14,"column":55}}],"line":14},"1":{"loc":{"start":{"line":17,"column":4},"end":{"line":17,"column":43}},"type":"binary-expr","locations":[{"start":{"line":17,"column":4},"end":{"line":17,"column":26}},{"start":{"line":17,"column":30},"end":{"line":17,"column":43}}],"line":17}},"s":{"0":0,"1":0,"2":0,"3":0,"4":0,"5":0,"6":0},"f":{"0":0,"1":0,"2":0},"b":{"0":[0],"1":[0,0]},"inputSourceMap":null}
,"/home/juliusdgenius/JuliusDgenius/real-time-collab-docu-editor/middleware/auth.js": {"path":"/home/juliusdgenius/JuliusDgenius/real-time-collab-docu-editor/middleware/auth.js","statementMap":{"0":{"start":{"line":4,"column":33},"end":{"line":18,"column":1}},"1":{"start":{"line":5,"column":16},"end":{"line":5,"column":67}},"2":{"start":{"line":7,"column":2},"end":{"line":9,"column":3}},"3":{"start":{"line":8,"column":4},"end":{"line":8,"column":79}},"4":{"start":{"line":11,"column":2},"end":{"line":17,"column":3}},"5":{"start":{"line":12,"column":20},"end":{"line":12,"column":61}},"6":{"start":{"line":13,"column":4},"end":{"line":13,"column":23}},"7":{"start":{"line":14,"column":4},"end":{"line":14,"column":10}},"8":{"start":{"line":16,"column":4},"end":{"line":16,"column":53}},"9":{"start":{"line":21,"column":29},"end":{"line":28,"column":1}},"10":{"start":{"line":22,"column":2},"end":{"line":27,"column":3}},"11":{"start":{"line":23,"column":4},"end":{"line":25,"column":5}},"12":{"start":{"line":24,"column":8},"end":{"line":24,"column":87}},"13":{"start":{"line":26,"column":4},"end":{"line":26,"column":11}}},"fnMap":{"0":{"name":"(anonymous_0)","decl":{"start":{"line":4,"column":33},"end":{"line":4,"column":34}},"loc":{"start":{"line":4,"column":53},"end":{"line":18,"column":1}},"line":4},"1":{"name":"(anonymous_1)","decl":{"start":{"line":21,"column":29},"end":{"line":21,"column":30}},"loc":{"start":{"line":21,"column":39},"end":{"line":28,"column":1}},"line":21},"2":{"name":"(anonymous_2)","decl":{"start":{"line":22,"column":9},"end":{"line":22,"column":10}},"loc":{"start":{"line":22,"column":29},"end":{"line":27,"column":3}},"line":22}},"branchMap":{"0":{"loc":{"start":{"line":7,"column":2},"end":{"line":9,"column":3}},"type":"if","locations":[{"start":{"line":7,"column":2},"end":{"line":9,"column":3}},{"start":{},"end":{}}],"line":7},"1":{"loc":{"start":{"line":23,"column":4},"end":{"line":25,"column":5}},"type":"if","locations":[{"start":{"line":23,"column":4},"end":{"line":25,"column":5}},{"start":{},"end":{}}],"line":23}},"s":{"0":4,"1":0,"2":0,"3":0,"4":0,"5":0,"6":0,"7":0,"8":0,"9":4,"10":8,"11":0,"12":0,"13":0},"f":{"0":0,"1":8,"2":0},"b":{"0":[0,0],"1":[0,0]},"inputSourceMap":null,"_coverageSchema":"1a1c01bbd47fc00a2c39e90264f33305004495a9","hash":"dcb1e4e6f6004e08068506ca4d60fd80cdb0615d"}
,"/home/juliusdgenius/JuliusDgenius/real-time-collab-docu-editor/prisma/seed.js": {"path":"/home/juliusdgenius/JuliusDgenius/real-time-collab-docu-editor/prisma/seed.js","statementMap":{"0":{"start":{"line":4,"column":15},"end":{"line":4,"column":33}},"1":{"start":{"line":7,"column":21},"end":{"line":7,"column":40}},"2":{"start":{"line":9,"column":24},"end":{"line":9,"column":38}},"3":{"start":{"line":12,"column":24},"end":{"line":14,"column":4}},"4":{"start":{"line":16,"column":2},"end":{"line":29,"column":3}},"5":{"start":{"line":17,"column":27},"end":{"line":17,"column":63}},"6":{"start":{"line":19,"column":4},"end":{"line":25,"column":7}},"7":{"start":{"line":26,"column":4},"end":{"line":26,"column":52}},"8":{"start":{"line":28,"column":4},"end":{"line":28,"column":45}},"9":{"start":{"line":32,"column":0},"end":{"line":39,"column":5}},"10":{"start":{"line":34,"column":4},"end":{"line":34,"column":21}},"11":{"start":{"line":35,"column":4},"end":{"line":35,"column":20}},"12":{"start":{"line":38,"column":4},"end":{"line":38,"column":31}}},"fnMap":{"0":{"name":"seedAdmin","decl":{"start":{"line":6,"column":15},"end":{"line":6,"column":24}},"loc":{"start":{"line":6,"column":27},"end":{"line":30,"column":1}},"line":6},"1":{"name":"(anonymous_1)","decl":{"start":{"line":33,"column":9},"end":{"line":33,"column":10}},"loc":{"start":{"line":33,"column":16},"end":{"line":36,"column":3}},"line":33},"2":{"name":"(anonymous_2)","decl":{"start":{"line":37,"column":11},"end":{"line":37,"column":12}},"loc":{"start":{"line":37,"column":23},"end":{"line":39,"column":3}},"line":37}},"branchMap":{"0":{"loc":{"start":{"line":16,"column":2},"end":{"line":29,"column":3}},"type":"if","locations":[{"start":{"line":16,"column":2},"end":{"line":29,"column":3}},{"start":{"line":27,"column":9},"end":{"line":29,"column":3}}],"line":16}},"s":{"0":0,"1":0,"2":0,"3":0,"4":0,"5":0,"6":0,"7":0,"8":0,"9":0,"10":0,"11":0,"12":0},"f":{"0":0,"1":0,"2":0},"b":{"0":[0,0]},"inputSourceMap":null}
,"/home/juliusdgenius/JuliusDgenius/real-time-collab-docu-editor/routes/auth.js": {"path":"/home/juliusdgenius/JuliusDgenius/real-time-collab-docu-editor/routes/auth.js","statementMap":{"0":{"start":{"line":11,"column":19},"end":{"line":11,"column":35}},"1":{"start":{"line":77,"column":0},"end":{"line":114,"column":3}},"2":{"start":{"line":78,"column":4},"end":{"line":113,"column":5}},"3":{"start":{"line":79,"column":36},"end":{"line":79,"column":44}},"4":{"start":{"line":80,"column":8},"end":{"line":82,"column":9}},"5":{"start":{"line":81,"column":12},"end":{"line":81,"column":72}},"6":{"start":{"line":85,"column":8},"end":{"line":87,"column":9}},"7":{"start":{"line":86,"column":12},"end":{"line":86,"column":86}},"8":{"start":{"line":90,"column":29},"end":{"line":90,"column":78}},"9":{"start":{"line":91,"column":8},"end":{"line":93,"column":9}},"10":{"start":{"line":92,"column":12},"end":{"line":92,"column":75}},"11":{"start":{"line":96,"column":31},"end":{"line":96,"column":59}},"12":{"start":{"line":99,"column":21},"end":{"line":105,"column":10}},"13":{"start":{"line":107,"column":22},"end":{"line":107,"column":47}},"14":{"start":{"line":108,"column":49},"end":{"line":108,"column":53}},"15":{"start":{"line":110,"column":8},"end":{"line":110,"column":65}},"16":{"start":{"line":112,"column":8},"end":{"line":112,"column":64}},"17":{"start":{"line":116,"column":0},"end":{"line":145,"column":3}},"18":{"start":{"line":117,"column":32},"end":{"line":117,"column":40}},"19":{"start":{"line":119,"column":4},"end":{"line":121,"column":5}},"20":{"start":{"line":120,"column":8},"end":{"line":120,"column":68}},"21":{"start":{"line":123,"column":4},"end":{"line":125,"column":5}},"22":{"start":{"line":124,"column":8},"end":{"line":124,"column":82}},"23":{"start":{"line":128,"column":17},"end":{"line":130,"column":6}},"24":{"start":{"line":132,"column":4},"end":{"line":134,"column":5}},"25":{"start":{"line":133,"column":8},"end":{"line":133,"column":71}},"26":{"start":{"line":137,"column":20},"end":{"line":137,"column":71}},"27":{"start":{"line":138,"column":4},"end":{"line":140,"column":5}},"28":{"start":{"line":139,"column":8},"end":{"line":139,"column":71}},"29":{"start":{"line":143,"column":18},"end":{"line":143,"column":43}},"30":{"start":{"line":144,"column":4},"end":{"line":144,"column":24}}},"fnMap":{"0":{"name":"(anonymous_0)","decl":{"start":{"line":77,"column":29},"end":{"line":77,"column":30}},"loc":{"start":{"line":77,"column":49},"end":{"line":114,"column":1}},"line":77},"1":{"name":"(anonymous_1)","decl":{"start":{"line":116,"column":26},"end":{"line":116,"column":27}},"loc":{"start":{"line":116,"column":46},"end":{"line":145,"column":1}},"line":116}},"branchMap":{"0":{"loc":{"start":{"line":80,"column":8},"end":{"line":82,"column":9}},"type":"if","locations":[{"start":{"line":80,"column":8},"end":{"line":82,"column":9}},{"start":{},"end":{}}],"line":80},"1":{"loc":{"start":{"line":85,"column":8},"end":{"line":87,"column":9}},"type":"if","locations":[{"start":{"line":85,"column":8},"end":{"line":87,"column":9}},{"start":{},"end":{}}],"line":85},"2":{"loc":{"start":{"line":91,"column":8},"end":{"line":93,"column":9}},"type":"if","locations":[{"start":{"line":91,"column":8},"end":{"line":93,"column":9}},{"start":{},"end":{}}],"line":91},"3":{"loc":{"start":{"line":119,"column":4},"end":{"line":121,"column":5}},"type":"if","locations":[{"start":{"line":119,"column":4},"end":{"line":121,"column":5}},{"start":{},"end":{}}],"line":119},"4":{"loc":{"start":{"line":123,"column":4},"end":{"line":125,"column":5}},"type":"if","locations":[{"start":{"line":123,"column":4},"end":{"line":125,"column":5}},{"start":{},"end":{}}],"line":123},"5":{"loc":{"start":{"line":132,"column":4},"end":{"line":134,"column":5}},"type":"if","locations":[{"start":{"line":132,"column":4},"end":{"line":134,"column":5}},{"start":{},"end":{}}],"line":132},"6":{"loc":{"start":{"line":138,"column":4},"end":{"line":140,"column":5}},"type":"if","locations":[{"start":{"line":138,"column":4},"end":{"line":140,"column":5}},{"start":{},"end":{}}],"line":138}},"s":{"0":4,"1":4,"2":1,"3":1,"4":1,"5":0,"6":1,"7":0,"8":1,"9":1,"10":0,"11":1,"12":1,"13":1,"14":1,"15":1,"16":0,"17":4,"18":2,"19":2,"20":0,"21":2,"22":0,"23":2,"24":2,"25":1,"26":1,"27":1,"28":1,"29":0,"30":0},"f":{"0":1,"1":2},"b":{"0":[0,1],"1":[0,1],"2":[0,1],"3":[0,2],"4":[0,2],"5":[1,1],"6":[1,0]},"inputSourceMap":null,"_coverageSchema":"1a1c01bbd47fc00a2c39e90264f33305004495a9","hash":"98368a96700b8fd51c4711def21629c78fe35aa7"}
,"/home/juliusdgenius/JuliusDgenius/real-time-collab-docu-editor/routes/document.js": {"path":"/home/juliusdgenius/JuliusDgenius/real-time-collab-docu-editor/routes/document.js","statementMap":{"0":{"start":{"line":8,"column":23},"end":{"line":8,"column":39}},"1":{"start":{"line":39,"column":0},"end":{"line":61,"column":3}},"2":{"start":{"line":40,"column":4},"end":{"line":60,"column":5}},"3":{"start":{"line":41,"column":33},"end":{"line":41,"column":41}},"4":{"start":{"line":42,"column":31},"end":{"line":44,"column":8}},"5":{"start":{"line":46,"column":6},"end":{"line":48,"column":7}},"6":{"start":{"line":47,"column":8},"end":{"line":47,"column":83}},"7":{"start":{"line":50,"column":23},"end":{"line":56,"column":6}},"8":{"start":{"line":57,"column":4},"end":{"line":57,"column":35}},"9":{"start":{"line":59,"column":6},"end":{"line":59,"column":66}},"10":{"start":{"line":81,"column":0},"end":{"line":91,"column":3}},"11":{"start":{"line":82,"column":20},"end":{"line":89,"column":4}},"12":{"start":{"line":90,"column":2},"end":{"line":90,"column":34}},"13":{"start":{"line":117,"column":0},"end":{"line":133,"column":5}},"14":{"start":{"line":118,"column":21},"end":{"line":127,"column":6}},"15":{"start":{"line":129,"column":4},"end":{"line":131,"column":5}},"16":{"start":{"line":130,"column":6},"end":{"line":130,"column":67}},"17":{"start":{"line":132,"column":4},"end":{"line":132,"column":35}},"18":{"start":{"line":166,"column":2},"end":{"line":208,"column":5}},"19":{"start":{"line":168,"column":21},"end":{"line":176,"column":6}},"20":{"start":{"line":178,"column":4},"end":{"line":180,"column":5}},"21":{"start":{"line":179,"column":6},"end":{"line":179,"column":61}},"22":{"start":{"line":183,"column":4},"end":{"line":185,"column":5}},"23":{"start":{"line":184,"column":6},"end":{"line":184,"column":74}},"24":{"start":{"line":187,"column":23},"end":{"line":194,"column":6}},"25":{"start":{"line":197,"column":15},"end":{"line":197,"column":22}},"26":{"start":{"line":198,"column":19},"end":{"line":198,"column":30}},"27":{"start":{"line":199,"column":4},"end":{"line":205,"column":7}},"28":{"start":{"line":207,"column":4},"end":{"line":207,"column":25}},"29":{"start":{"line":233,"column":2},"end":{"line":247,"column":5}},"30":{"start":{"line":234,"column":21},"end":{"line":236,"column":6}},"31":{"start":{"line":237,"column":4},"end":{"line":239,"column":5}},"32":{"start":{"line":238,"column":8},"end":{"line":238,"column":69}},"33":{"start":{"line":241,"column":25},"end":{"line":241,"column":39}},"34":{"start":{"line":243,"column":4},"end":{"line":245,"column":7}},"35":{"start":{"line":246,"column":4},"end":{"line":246,"column":26}},"36":{"start":{"line":280,"column":2},"end":{"line":315,"column":5}},"37":{"start":{"line":281,"column":34},"end":{"line":281,"column":42}},"38":{"start":{"line":282,"column":4},"end":{"line":284,"column":5}},"39":{"start":{"line":283,"column":6},"end":{"line":283,"column":79}},"40":{"start":{"line":287,"column":21},"end":{"line":292,"column":6}},"41":{"start":{"line":293,"column":4},"end":{"line":295,"column":5}},"42":{"start":{"line":294,"column":6},"end":{"line":294,"column":66}},"43":{"start":{"line":298,"column":23},"end":{"line":300,"column":6}},"44":{"start":{"line":301,"column":4},"end":{"line":303,"column":5}},"45":{"start":{"line":302,"column":6},"end":{"line":302,"column":62}},"46":{"start":{"line":306,"column":4},"end":{"line":312,"column":7}},"47":{"start":{"line":314,"column":4},"end":{"line":314,"column":70}}},"fnMap":{"0":{"name":"(anonymous_0)","decl":{"start":{"line":39,"column":59},"end":{"line":39,"column":60}},"loc":{"start":{"line":39,"column":79},"end":{"line":61,"column":1}},"line":39},"1":{"name":"(anonymous_1)","decl":{"start":{"line":81,"column":52},"end":{"line":81,"column":53}},"loc":{"start":{"line":81,"column":72},"end":{"line":91,"column":1}},"line":81},"2":{"name":"(anonymous_2)","decl":{"start":{"line":117,"column":46},"end":{"line":117,"column":47}},"loc":{"start":{"line":117,"column":66},"end":{"line":133,"column":3}},"line":117},"3":{"name":"(anonymous_3)","decl":{"start":{"line":166,"column":53},"end":{"line":166,"column":54}},"loc":{"start":{"line":166,"column":73},"end":{"line":208,"column":3}},"line":166},"4":{"name":"(anonymous_4)","decl":{"start":{"line":233,"column":51},"end":{"line":233,"column":52}},"loc":{"start":{"line":233,"column":71},"end":{"line":247,"column":3}},"line":233},"5":{"name":"(anonymous_5)","decl":{"start":{"line":280,"column":55},"end":{"line":280,"column":56}},"loc":{"start":{"line":280,"column":75},"end":{"line":315,"column":3}},"line":280}},"branchMap":{"0":{"loc":{"start":{"line":46,"column":6},"end":{"line":48,"column":7}},"type":"if","locations":[{"start":{"line":46,"column":6},"end":{"line":48,"column":7}},{"start":{},"end":{}}],"line":46},"1":{"loc":{"start":{"line":53,"column":19},"end":{"line":53,"column":32}},"type":"binary-expr","locations":[{"start":{"line":53,"column":19},"end":{"line":53,"column":26}},{"start":{"line":53,"column":30},"end":{"line":53,"column":32}}],"line":53},"2":{"loc":{"start":{"line":129,"column":4},"end":{"line":131,"column":5}},"type":"if","locations":[{"start":{"line":129,"column":4},"end":{"line":131,"column":5}},{"start":{},"end":{}}],"line":129},"3":{"loc":{"start":{"line":178,"column":4},"end":{"line":180,"column":5}},"type":"if","locations":[{"start":{"line":178,"column":4},"end":{"line":180,"column":5}},{"start":{},"end":{}}],"line":178},"4":{"loc":{"start":{"line":183,"column":4},"end":{"line":185,"column":5}},"type":"if","locations":[{"start":{"line":183,"column":4},"end":{"line":185,"column":5}},{"start":{},"end":{}}],"line":183},"5":{"loc":{"start":{"line":237,"column":4},"end":{"line":239,"column":5}},"type":"if","locations":[{"start":{"line":237,"column":4},"end":{"line":239,"column":5}},{"start":{},"end":{}}],"line":237},"6":{"loc":{"start":{"line":282,"column":4},"end":{"line":284,"column":5}},"type":"if","locations":[{"start":{"line":282,"column":4},"end":{"line":284,"column":5}},{"start":{},"end":{}}],"line":282},"7":{"loc":{"start":{"line":282,"column":8},"end":{"line":282,"column":29}},"type":"binary-expr","locations":[{"start":{"line":282,"column":8},"end":{"line":282,"column":14}},{"start":{"line":282,"column":18},"end":{"line":282,"column":29}}],"line":282},"8":{"loc":{"start":{"line":293,"column":4},"end":{"line":295,"column":5}},"type":"if","locations":[{"start":{"line":293,"column":4},"end":{"line":295,"column":5}},{"start":{},"end":{}}],"line":293},"9":{"loc":{"start":{"line":301,"column":4},"end":{"line":303,"column":5}},"type":"if","locations":[{"start":{"line":301,"column":4},"end":{"line":303,"column":5}},{"start":{},"end":{}}],"line":301}},"s":{"0":4,"1":4,"2":0,"3":0,"4":0,"5":0,"6":0,"7":0,"8":0,"9":0,"10":4,"11":0,"12":0,"13":4,"14":0,"15":0,"16":0,"17":0,"18":4,"19":0,"20":0,"21":0,"22":0,"23":0,"24":0,"25":0,"26":0,"27":0,"28":0,"29":4,"30":0,"31":0,"32":0,"33":0,"34":0,"35":0,"36":4,"37":0,"38":0,"39":0,"40":0,"41":0,"42":0,"43":0,"44":0,"45":0,"46":0,"47":0},"f":{"0":0,"1":0,"2":0,"3":0,"4":0,"5":0},"b":{"0":[0,0],"1":[0,0],"2":[0,0],"3":[0,0],"4":[0,0],"5":[0,0],"6":[0,0],"7":[0,0],"8":[0,0],"9":[0,0]},"inputSourceMap":null,"_coverageSchema":"1a1c01bbd47fc00a2c39e90264f33305004495a9","hash":"b817f299aa12b0fa20a2935f07262330581f140f"}
,"/home/juliusdgenius/JuliusDgenius/real-time-collab-docu-editor/routes/users.js": {"path":"/home/juliusdgenius/JuliusDgenius/real-time-collab-docu-editor/routes/users.js","statementMap":{"0":{"start":{"line":6,"column":19},"end":{"line":6,"column":35}},"1":{"start":{"line":42,"column":0},"end":{"line":61,"column":3}},"2":{"start":{"line":47,"column":6},"end":{"line":60,"column":7}},"3":{"start":{"line":48,"column":22},"end":{"line":55,"column":10}},"4":{"start":{"line":56,"column":27},"end":{"line":56,"column":52}},"5":{"start":{"line":57,"column":8},"end":{"line":57,"column":54}},"6":{"start":{"line":59,"column":8},"end":{"line":59,"column":88}},"7":{"start":{"line":85,"column":0},"end":{"line":108,"column":5}},"8":{"start":{"line":89,"column":6},"end":{"line":107,"column":7}},"9":{"start":{"line":90,"column":23},"end":{"line":90,"column":46}},"10":{"start":{"line":91,"column":8},"end":{"line":91,"column":82}},"11":{"start":{"line":91,"column":21},"end":{"line":91,"column":82}},"12":{"start":{"line":94,"column":8},"end":{"line":96,"column":9}},"13":{"start":{"line":95,"column":10},"end":{"line":95,"column":84}},"14":{"start":{"line":98,"column":28},"end":{"line":100,"column":10}},"15":{"start":{"line":101,"column":8},"end":{"line":101,"column":30}},"16":{"start":{"line":103,"column":8},"end":{"line":105,"column":9}},"17":{"start":{"line":104,"column":10},"end":{"line":104,"column":67}},"18":{"start":{"line":106,"column":8},"end":{"line":106,"column":89}}},"fnMap":{"0":{"name":"(anonymous_0)","decl":{"start":{"line":46,"column":4},"end":{"line":46,"column":5}},"loc":{"start":{"line":46,"column":24},"end":{"line":61,"column":1}},"line":46},"1":{"name":"(anonymous_1)","decl":{"start":{"line":88,"column":4},"end":{"line":88,"column":5}},"loc":{"start":{"line":88,"column":24},"end":{"line":108,"column":3}},"line":88}},"branchMap":{"0":{"loc":{"start":{"line":91,"column":8},"end":{"line":91,"column":82}},"type":"if","locations":[{"start":{"line":91,"column":8},"end":{"line":91,"column":82}},{"start":{},"end":{}}],"line":91},"1":{"loc":{"start":{"line":94,"column":8},"end":{"line":96,"column":9}},"type":"if","locations":[{"start":{"line":94,"column":8},"end":{"line":96,"column":9}},{"start":{},"end":{}}],"line":94},"2":{"loc":{"start":{"line":103,"column":8},"end":{"line":105,"column":9}},"type":"if","locations":[{"start":{"line":103,"column":8},"end":{"line":105,"column":9}},{"start":{},"end":{}}],"line":103}},"s":{"0":4,"1":4,"2":0,"3":0,"4":0,"5":0,"6":0,"7":4,"8":0,"9":0,"10":0,"11":0,"12":0,"13":0,"14":0,"15":0,"16":0,"17":0,"18":0},"f":{"0":0,"1":0},"b":{"0":[0,0],"1":[0,0],"2":[0,0]},"inputSourceMap":null,"_coverageSchema":"1a1c01bbd47fc00a2c39e90264f33305004495a9","hash":"75d3a5ea0c96ec2a7d0a346afc13d4531b021448"}
,"/home/juliusdgenius/JuliusDgenius/real-time-collab-docu-editor/utils/auth.js": {"path":"/home/juliusdgenius/JuliusDgenius/real-time-collab-docu-editor/utils/auth.js","statementMap":{"0":{"start":{"line":5,"column":28},"end":{"line":7,"column":1}},"1":{"start":{"line":6,"column":2},"end":{"line":6,"column":41}},"2":{"start":{"line":10,"column":31},"end":{"line":12,"column":1}},"3":{"start":{"line":11,"column":4},"end":{"line":11,"column":58}},"4":{"start":{"line":15,"column":29},"end":{"line":21,"column":1}},"5":{"start":{"line":16,"column":2},"end":{"line":20,"column":4}}},"fnMap":{"0":{"name":"(anonymous_0)","decl":{"start":{"line":5,"column":28},"end":{"line":5,"column":29}},"loc":{"start":{"line":5,"column":48},"end":{"line":7,"column":1}},"line":5},"1":{"name":"(anonymous_1)","decl":{"start":{"line":10,"column":31},"end":{"line":10,"column":32}},"loc":{"start":{"line":10,"column":67},"end":{"line":12,"column":1}},"line":10},"2":{"name":"(anonymous_2)","decl":{"start":{"line":15,"column":29},"end":{"line":15,"column":30}},"loc":{"start":{"line":15,"column":45},"end":{"line":21,"column":1}},"line":15}},"branchMap":{},"s":{"0":4,"1":1,"2":4,"3":1,"4":4,"5":1},"f":{"0":1,"1":1,"2":1},"b":{},"inputSourceMap":null,"_coverageSchema":"1a1c01bbd47fc00a2c39e90264f33305004495a9","hash":"476aff9918ce3e99549d44384e47768e7c0687d2"}
,"/home/juliusdgenius/JuliusDgenius/real-time-collab-docu-editor/utils/validate-email.js": {"path":"/home/juliusdgenius/JuliusDgenius/real-time-collab-docu-editor/utils/validate-email.js","statementMap":{"0":{"start":{"line":1,"column":29},"end":{"line":9,"column":1}},"1":{"start":{"line":3,"column":23},"end":{"line":3,"column":51}},"2":{"start":{"line":5,"column":4},"end":{"line":7,"column":5}},"3":{"start":{"line":6,"column":8},"end":{"line":6,"column":20}},"4":{"start":{"line":8,"column":4},"end":{"line":8,"column":17}}},"fnMap":{"0":{"name":"(anonymous_0)","decl":{"start":{"line":1,"column":29},"end":{"line":1,"column":30}},"loc":{"start":{"line":1,"column":40},"end":{"line":9,"column":1}},"line":1}},"branchMap":{"0":{"loc":{"start":{"line":5,"column":4},"end":{"line":7,"column":5}},"type":"if","locations":[{"start":{"line":5,"column":4},"end":{"line":7,"column":5}},{"start":{},"end":{}}],"line":5},"1":{"loc":{"start":{"line":5,"column":8},"end":{"line":5,"column":39}},"type":"binary-expr","locations":[{"start":{"line":5,"column":8},"end":{"line":5,"column":13}},{"start":{"line":5,"column":17},"end":{"line":5,"column":39}}],"line":5}},"s":{"0":4,"1":3,"2":3,"3":3,"4":0},"f":{"0":3},"b":{"0":[3,0],"1":[3,3]},"inputSourceMap":null,"_coverageSchema":"1a1c01bbd47fc00a2c39e90264f33305004495a9","hash":"4b475914c43e6f8644b7ae2ab90d57a3f3c51205"}
}
