TN:
SF:app.js
FN:14,(anonymous_0)
FNF:1
FNH:0
FNDA:0,(anonymous_0)
DA:8,4
DA:11,4
DA:14,4
DA:15,0
DA:16,0
DA:20,4
DA:21,4
DA:24,4
DA:27,4
DA:30,4
LF:10
LH:8
BRF:0
BRH:0
end_of_record
TN:
SF:prismaClient.js
FNF:0
FNH:0
DA:3,4
LF:1
LH:1
BRF:0
BRH:0
end_of_record
TN:
SF:server.js
FN:11,(anonymous_0)
FN:17,(anonymous_1)
FN:18,(anonymous_2)
FNF:3
FNH:0
FNDA:0,(anonymous_0)
FNDA:0,(anonymous_1)
FNDA:0,(anonymous_2)
DA:5,0
DA:6,0
DA:9,0
DA:10,0
DA:11,0
DA:12,0
DA:13,0
DA:17,0
DA:18,0
DA:19,0
LF:10
LH:0
BRDA:9,0,0,0
BRDA:9,0,1,0
BRDA:10,1,0,0
BRDA:10,1,1,0
BRF:4
BRH:0
end_of_record
TN:
SF:socket.js
FN:7,(anonymous_0)
FN:13,(anonymous_1)
FN:23,(anonymous_2)
FN:35,(anonymous_3)
FN:42,(anonymous_4)
FN:46,(anonymous_5)
FN:51,(anonymous_6)
FN:57,(anonymous_7)
FN:91,(anonymous_8)
FNF:9
FNH:0
FNDA:0,(anonymous_0)
FNDA:0,(anonymous_1)
FNDA:0,(anonymous_2)
FNDA:0,(anonymous_3)
FNDA:0,(anonymous_4)
FNDA:0,(anonymous_5)
FNDA:0,(anonymous_6)
FNDA:0,(anonymous_7)
FNDA:0,(anonymous_8)
DA:7,4
DA:8,0
DA:13,0
DA:15,0
DA:17,0
DA:18,0
DA:19,0
DA:23,0
DA:24,0
DA:25,0
DA:26,0
DA:30,0
DA:31,0
DA:35,0
DA:36,0
DA:40,0
DA:42,0
DA:43,0
DA:46,0
DA:47,0
DA:51,0
DA:52,0
DA:53,0
DA:57,0
DA:58,0
DA:60,0
DA:65,0
DA:66,0
DA:67,0
DA:71,0
DA:77,0
DA:83,0
DA:88,0
DA:91,4
DA:92,0
DA:93,0
DA:95,0
LF:37
LH:2
BRDA:17,0,0,0
BRDA:17,0,1,0
BRDA:24,1,0,0
BRDA:24,1,1,0
BRDA:65,2,0,0
BRDA:65,2,1,0
BRDA:92,3,0,0
BRDA:92,3,1,0
BRF:8
BRH:0
end_of_record
TN:
SF:swagger.js
FNF:0
FNH:0
DA:4,4
DA:98,4
LF:2
LH:2
BRF:0
BRH:0
end_of_record
TN:
SF:test-client.js
FN:14,(anonymous_0)
FN:21,(anonymous_1)
FN:25,(anonymous_2)
FN:34,(anonymous_3)
FN:41,(anonymous_4)
FN:58,(anonymous_5)
FN:61,(anonymous_6)
FN:66,(anonymous_7)
FN:70,(anonymous_8)
FN:91,(anonymous_9)
FN:103,(anonymous_10)
FN:108,(anonymous_11)
FNF:12
FNH:0
FNDA:0,(anonymous_0)
FNDA:0,(anonymous_1)
FNDA:0,(anonymous_2)
FNDA:0,(anonymous_3)
FNDA:0,(anonymous_4)
FNDA:0,(anonymous_5)
FNDA:0,(anonymous_6)
FNDA:0,(anonymous_7)
FNDA:0,(anonymous_8)
FNDA:0,(anonymous_9)
FNDA:0,(anonymous_10)
FNDA:0,(anonymous_11)
DA:6,0
DA:7,0
DA:14,0
DA:15,0
DA:21,0
DA:22,0
DA:25,0
DA:26,0
DA:30,0
DA:34,0
DA:35,0
DA:37,0
DA:42,0
DA:43,0
DA:45,0
DA:46,0
DA:49,0
DA:50,0
DA:54,0
DA:55,0
DA:58,0
DA:59,0
DA:61,0
DA:62,0
DA:66,0
DA:67,0
DA:70,0
DA:71,0
DA:77,0
DA:78,0
DA:85,0
DA:86,0
DA:92,0
DA:93,0
DA:96,0
DA:97,0
DA:99,0
DA:103,0
DA:104,0
DA:106,0
DA:109,0
DA:110,0
DA:113,0
DA:115,0
DA:116,0
DA:123,0
DA:128,0
DA:135,0
LF:48
LH:0
BRDA:96,0,0,0
BRDA:96,0,1,0
BRF:2
BRH:0
end_of_record
TN:
SF:__tests__/testUtils.js
FN:4,(anonymous_0)
FN:14,(anonymous_1)
FN:22,(anonymous_2)
FNF:3
FNH:0
FNDA:0,(anonymous_0)
FNDA:0,(anonymous_1)
FNDA:0,(anonymous_2)
DA:4,0
DA:5,0
DA:14,0
DA:15,0
DA:22,0
DA:24,0
DA:25,0
LF:7
LH:0
BRDA:14,0,0,0
BRDA:17,1,0,0
BRDA:17,1,1,0
BRF:3
BRH:0
end_of_record
TN:
SF:middleware/auth.js
FN:4,(anonymous_0)
FN:21,(anonymous_1)
FN:22,(anonymous_2)
FNF:3
FNH:1
FNDA:0,(anonymous_0)
FNDA:8,(anonymous_1)
FNDA:0,(anonymous_2)
DA:4,4
DA:5,0
DA:7,0
DA:8,0
DA:11,0
DA:12,0
DA:13,0
DA:14,0
DA:16,0
DA:21,4
DA:22,8
DA:23,0
DA:24,0
DA:26,0
LF:14
LH:3
BRDA:7,0,0,0
BRDA:7,0,1,0
BRDA:23,1,0,0
BRDA:23,1,1,0
BRF:4
BRH:0
end_of_record
TN:
SF:prisma/seed.js
FN:6,seedAdmin
FN:33,(anonymous_1)
FN:37,(anonymous_2)
FNF:3
FNH:0
FNDA:0,seedAdmin
FNDA:0,(anonymous_1)
FNDA:0,(anonymous_2)
DA:4,0
DA:7,0
DA:9,0
DA:12,0
DA:16,0
DA:17,0
DA:19,0
DA:26,0
DA:28,0
DA:32,0
DA:34,0
DA:35,0
DA:38,0
LF:13
LH:0
BRDA:16,0,0,0
BRDA:16,0,1,0
BRF:2
BRH:0
end_of_record
TN:
SF:routes/auth.js
FN:77,(anonymous_0)
FN:116,(anonymous_1)
FNF:2
FNH:2
FNDA:1,(anonymous_0)
FNDA:2,(anonymous_1)
DA:11,4
DA:77,4
DA:78,1
DA:79,1
DA:80,1
DA:81,0
DA:85,1
DA:86,0
DA:90,1
DA:91,1
DA:92,0
DA:96,1
DA:99,1
DA:107,1
DA:108,1
DA:110,1
DA:112,0
DA:116,4
DA:117,2
DA:119,2
DA:120,0
DA:123,2
DA:124,0
DA:128,2
DA:132,2
DA:133,1
DA:137,1
DA:138,1
DA:139,1
DA:143,0
DA:144,0
LF:31
LH:23
BRDA:80,0,0,0
BRDA:80,0,1,1
BRDA:85,1,0,0
BRDA:85,1,1,1
BRDA:91,2,0,0
BRDA:91,2,1,1
BRDA:119,3,0,0
BRDA:119,3,1,2
BRDA:123,4,0,0
BRDA:123,4,1,2
BRDA:132,5,0,1
BRDA:132,5,1,1
BRDA:138,6,0,1
BRDA:138,6,1,0
BRF:14
BRH:8
end_of_record
TN:
SF:routes/document.js
FN:39,(anonymous_0)
FN:81,(anonymous_1)
FN:117,(anonymous_2)
FN:166,(anonymous_3)
FN:233,(anonymous_4)
FN:280,(anonymous_5)
FNF:6
FNH:0
FNDA:0,(anonymous_0)
FNDA:0,(anonymous_1)
FNDA:0,(anonymous_2)
FNDA:0,(anonymous_3)
FNDA:0,(anonymous_4)
FNDA:0,(anonymous_5)
DA:8,4
DA:39,4
DA:40,0
DA:41,0
DA:42,0
DA:46,0
DA:47,0
DA:50,0
DA:57,0
DA:59,0
DA:81,4
DA:82,0
DA:90,0
DA:117,4
DA:118,0
DA:129,0
DA:130,0
DA:132,0
DA:166,4
DA:168,0
DA:178,0
DA:179,0
DA:183,0
DA:184,0
DA:187,0
DA:197,0
DA:198,0
DA:199,0
DA:207,0
DA:233,4
DA:234,0
DA:237,0
DA:238,0
DA:241,0
DA:243,0
DA:246,0
DA:280,4
DA:281,0
DA:282,0
DA:283,0
DA:287,0
DA:293,0
DA:294,0
DA:298,0
DA:301,0
DA:302,0
DA:306,0
DA:314,0
LF:48
LH:7
BRDA:46,0,0,0
BRDA:46,0,1,0
BRDA:53,1,0,0
BRDA:53,1,1,0
BRDA:129,2,0,0
BRDA:129,2,1,0
BRDA:178,3,0,0
BRDA:178,3,1,0
BRDA:183,4,0,0
BRDA:183,4,1,0
BRDA:237,5,0,0
BRDA:237,5,1,0
BRDA:282,6,0,0
BRDA:282,6,1,0
BRDA:282,7,0,0
BRDA:282,7,1,0
BRDA:293,8,0,0
BRDA:293,8,1,0
BRDA:301,9,0,0
BRDA:301,9,1,0
BRF:20
BRH:0
end_of_record
TN:
SF:routes/users.js
FN:46,(anonymous_0)
FN:88,(anonymous_1)
FNF:2
FNH:0
FNDA:0,(anonymous_0)
FNDA:0,(anonymous_1)
DA:6,4
DA:42,4
DA:47,0
DA:48,0
DA:56,0
DA:57,0
DA:59,0
DA:85,4
DA:89,0
DA:90,0
DA:91,0
DA:94,0
DA:95,0
DA:98,0
DA:101,0
DA:103,0
DA:104,0
DA:106,0
LF:18
LH:3
BRDA:91,0,0,0
BRDA:91,0,1,0
BRDA:94,1,0,0
BRDA:94,1,1,0
BRDA:103,2,0,0
BRDA:103,2,1,0
BRF:6
BRH:0
end_of_record
TN:
SF:utils/auth.js
FN:5,(anonymous_0)
FN:10,(anonymous_1)
FN:15,(anonymous_2)
FNF:3
FNH:3
FNDA:1,(anonymous_0)
FNDA:1,(anonymous_1)
FNDA:1,(anonymous_2)
DA:5,4
DA:6,1
DA:10,4
DA:11,1
DA:15,4
DA:16,1
LF:6
LH:6
BRF:0
BRH:0
end_of_record
TN:
SF:utils/validate-email.js
FN:1,(anonymous_0)
FNF:1
FNH:1
FNDA:3,(anonymous_0)
DA:1,4
DA:3,3
DA:5,3
DA:6,3
DA:8,0
LF:5
LH:4
BRDA:5,0,0,3
BRDA:5,0,1,0
BRDA:5,1,0,3
BRDA:5,1,1,3
BRF:4
BRH:3
end_of_record
